<?xml version="1.0" encoding="UTF-8"?>
<!-- Generated by org.testng.reporters.JUnitReportReporter -->
<testsuite skipped="0" hostname="LAPTOP-SK834QD8" name="tests.RegisterTest" tests="1" failures="0" timestamp="19 May 2022 10:52:14 GMT" time="8.577" errors="0">
  <testcase name="registerTest" time="8.577" classname="tests.RegisterTest"/>
</testsuite> <!-- tests.RegisterTest -->
