<?xml version="1.0" encoding="UTF-8"?>
<!-- Generated by org.testng.reporters.JUnitReportReporter -->
<testsuite skipped="0" hostname="LAPTOP-SK834QD8" name="com.POI.RedBusFrameHandle" tests="1" failures="0" timestamp="01 Apr 2022 16:35:02 GMT" time="15.176" errors="0">
  <testcase name="Test01" time="15.176" classname="com.POI.RedBusFrameHandle"/>
</testsuite> <!-- com.POI.RedBusFrameHandle -->
