<?xml version="1.0" encoding="UTF-8"?>
<!-- Generated by org.testng.reporters.JUnitReportReporter -->
<testsuite skipped="0" hostname="LAPTOP-SK834QD8" name="com.POI.AutoIT_fileupload" tests="1" failures="0" timestamp="04 Apr 2022 11:46:29 GMT" time="17.107" errors="0">
  <testcase name="test01" time="17.107" classname="com.POI.AutoIT_fileupload"/>
</testsuite> <!-- com.POI.AutoIT_fileupload -->
