<?xml version="1.0" encoding="UTF-8"?>
<!-- Generated by org.testng.reporters.JUnitReportReporter -->
<testsuite skipped="0" hostname="LAPTOP-SK834QD8" name="com.POI.ReadExcel" tests="1" failures="0" timestamp="12 Apr 2022 16:37:15 GMT" time="5.138" errors="0">
  <testcase name="loginTest" time="5.138" classname="com.POI.ReadExcel"/>
</testsuite> <!-- com.POI.ReadExcel -->
