<?xml version="1.0" encoding="UTF-8"?>
<!-- Generated by org.testng.reporters.JUnitReportReporter -->
<testsuite skipped="0" hostname="LAPTOP-SK834QD8" name="com.POI.Logings" tests="2" failures="0" timestamp="11 Apr 2022 12:01:44 GMT" time="21.183" errors="0">
  <testcase name="test01" time="17.267" classname="com.POI.Logings"/>
  <testcase name="test02" time="3.916" classname="com.POI.Logings"/>
</testsuite> <!-- com.POI.Logings -->
