<?xml version="1.0" encoding="UTF-8"?>
<!-- Generated by org.testng.reporters.JUnitReportReporter -->
<testsuite skipped="0" hostname="LAPTOP-SK834QD8" name="com.POI.WindowHandle" tests="1" failures="0" timestamp="31 Mar 2022 10:31:40 GMT" time="9.363" errors="0">
  <testcase name="test01" time="9.363" classname="com.POI.WindowHandle"/>
</testsuite> <!-- com.POI.WindowHandle -->
