<?xml version="1.0" encoding="UTF-8"?>
<!-- Generated by org.testng.reporters.JUnitReportReporter -->
<testsuite skipped="0" hostname="LAPTOP-SK834QD8" name="com.POI.JavascriptEx" tests="2" failures="0" timestamp="05 Apr 2022 11:01:44 GMT" time="22.662" errors="0">
  <testcase name="test01" time="22.652" classname="com.POI.JavascriptEx"/>
  <testcase name="test02" time="0.010" classname="com.POI.JavascriptEx"/>
</testsuite> <!-- com.POI.JavascriptEx -->
