<?xml version="1.0" encoding="UTF-8"?>
<!-- Generated by org.testng.reporters.JUnitReportReporter -->
<testsuite skipped="0" hostname="LAPTOP-SK834QD8" name="com.POI.WriteExcel" tests="1" failures="0" timestamp="13 Apr 2022 11:06:27 GMT" time="0.684" errors="0">
  <testcase name="writeEX" time="0.684" classname="com.POI.WriteExcel"/>
</testsuite> <!-- com.POI.WriteExcel -->
