<?xml version="1.0" encoding="UTF-8"?>
<!-- Generated by org.testng.reporters.JUnitReportReporter -->
<testsuite skipped="0" hostname="LAPTOP-SK834QD8" name="com.POI.FrameEX" tests="1" failures="0" timestamp="04 Apr 2022 03:20:02 GMT" time="14.608" errors="0">
  <testcase name="verifyLoginTitle" time="14.608" classname="com.POI.FrameEX"/>
</testsuite> <!-- com.POI.FrameEX -->
