<?xml version="1.0" encoding="UTF-8"?>
<!-- Generated by org.testng.reporters.JUnitReportReporter -->
<testsuite skipped="0" hostname="LAPTOP-SK834QD8" name="testNG.NewTest" tests="1" failures="0" timestamp="23 Mar 2022 18:28:41 GMT" time="0.004" errors="0">
  <testcase name="b" time="0.004" classname="testNG.NewTest"/>
</testsuite> <!-- testNG.NewTest -->
