<?xml version="1.0" encoding="UTF-8"?>
<!-- Generated by org.testng.reporters.JUnitReportReporter -->
<testsuite skipped="0" hostname="LAPTOP-SK834QD8" name="testNG2.NewTest" tests="7" failures="0" timestamp="23 Mar 2022 09:37:25 GMT" time="0.049" errors="0">
  <testcase name="f" time="0.007" classname="testNG2.NewTest"/>
  <testcase name="f" time="0.018" classname="testNG2.NewTest"/>
  <testcase name="f" time="0.003" classname="testNG2.NewTest"/>
  <testcase name="f" time="0.001" classname="testNG2.NewTest"/>
  <testcase name="f" time="0.006" classname="testNG2.NewTest"/>
  <testcase name="f" time="0.009" classname="testNG2.NewTest"/>
  <testcase name="f" time="0.005" classname="testNG2.NewTest"/>
</testsuite> <!-- testNG2.NewTest -->
