<?xml version="1.0" encoding="UTF-8"?>
<!-- Generated by org.testng.reporters.JUnitReportReporter -->
<testsuite skipped="0" hostname="LAPTOP-SK834QD8" name="testNG2.DataProviderEX" tests="4" failures="0" timestamp="23 Mar 2022 10:12:58 GMT" time="0.010" errors="0">
  <testcase name="f" time="0.001" classname="testNG2.DataProviderEX"/>
  <testcase name="f" time="0.001" classname="testNG2.DataProviderEX"/>
  <testcase name="f" time="0.006" classname="testNG2.DataProviderEX"/>
  <testcase name="f" time="0.002" classname="testNG2.DataProviderEX"/>
</testsuite> <!-- testNG2.DataProviderEX -->
