<?xml version="1.0" encoding="UTF-8"?>
<!-- Generated by org.testng.reporters.JUnitReportReporter -->
<testsuite skipped="0" hostname="LAPTOP-SK834QD8" name="HandsOnSe.LoginPage" tests="8" failures="0" timestamp="08 Apr 2022 11:48:05 GMT" time="0.503" errors="0">
  <testcase name="logoCheck" time="0.102" classname="HandsOnSe.LoginPage"/>
  <testcase name="buttontxt" time="0.028" classname="HandsOnSe.LoginPage"/>
  <testcase name="emailsection" time="0.038" classname="HandsOnSe.LoginPage"/>
  <testcase name="loginboxmsg" time="0.038" classname="HandsOnSe.LoginPage"/>
  <testcase name="registertitle" time="0.033" classname="HandsOnSe.LoginPage"/>
  <testcase name="title2" time="0.043" classname="HandsOnSe.LoginPage"/>
  <testcase name="title" time="0.033" classname="HandsOnSe.LoginPage"/>
  <testcase name="registerMember" time="0.188" classname="HandsOnSe.LoginPage"/>
</testsuite> <!-- HandsOnSe.LoginPage -->
