<?xml version="1.0" encoding="UTF-8"?>
<!-- Generated by org.testng.reporters.JUnitReportReporter -->
<testsuite skipped="0" hostname="LAPTOP-SK834QD8" name="testNG.AllAnnotations" tests="2" failures="0" timestamp="22 Mar 2022 09:29:31 GMT" time="0.000" errors="0">
  <testcase name="test1" time="0.000" classname="testNG.AllAnnotations"/>
  <testcase name="test2" time="0.000" classname="testNG.AllAnnotations"/>
</testsuite> <!-- testNG.AllAnnotations -->
