<?xml version="1.0" encoding="UTF-8"?>
<!-- Generated by org.testng.reporters.JUnitReportReporter -->
<testsuite skipped="0" hostname="LAPTOP-SK834QD8" name="testNG2.DataProviderEX3" tests="3" failures="0" timestamp="11 Apr 2022 12:00:19 GMT" time="0.008" errors="0">
  <testcase name="f" time="0.002" classname="testNG2.DataProviderEX3"/>
  <testcase name="f" time="0.006" classname="testNG2.DataProviderEX3"/>
  <testcase name="f" time="0.000" classname="testNG2.DataProviderEX3"/>
</testsuite> <!-- testNG2.DataProviderEX3 -->
