<?xml version="1.0" encoding="UTF-8"?>
<!-- Generated by org.testng.reporters.JUnitReportReporter -->
<testsuite skipped="0" hostname="LAPTOP-SK834QD8" name="testNG2.AllAnnotations" tests="2" failures="0" timestamp="22 Mar 2022 14:20:51 GMT" time="0.009" errors="0">
  <testcase name="test1" time="0.006" classname="testNG2.AllAnnotations"/>
  <testcase name="test2" time="0.003" classname="testNG2.AllAnnotations"/>
</testsuite> <!-- testNG2.AllAnnotations -->
