<?xml version="1.0" encoding="UTF-8"?>
<!-- Generated by org.testng.reporters.JUnitReportReporter -->
<testsuite skipped="0" hostname="LAPTOP-SK834QD8" name="testNG.Priority" tests="3" failures="0" timestamp="16 Mar 2022 18:15:29 GMT" time="0.015" errors="0">
  <testcase name="login" time="0.000" classname="testNG.Priority"/>
  <testcase name="dashboard" time="0.015" classname="testNG.Priority"/>
  <testcase name="c" time="0.000" classname="testNG.Priority"/>
</testsuite> <!-- testNG.Priority -->
