<?xml version="1.0" encoding="UTF-8"?>
<!-- Generated by org.testng.reporters.JUnitReportReporter -->
<testsuite skipped="0" hostname="LAPTOP-SK834QD8" name="testNG2.Anno2" tests="2" failures="0" timestamp="22 Mar 2022 14:20:40 GMT" time="0.008" errors="0">
  <testcase name="test1" time="0.006" classname="testNG2.Anno2"/>
  <testcase name="test2" time="0.002" classname="testNG2.Anno2"/>
</testsuite> <!-- testNG2.Anno2 -->
