<?xml version="1.0" encoding="UTF-8"?>
<!-- Generated by org.testng.reporters.JUnitReportReporter -->
<testsuite skipped="0" hostname="LAPTOP-SK834QD8" name="AdvanceSelenium.GroupsAnno" tests="1" failures="0" timestamp="25 Mar 2022 19:01:38 GMT" time="0.008" errors="0">
  <testcase name="test01" time="0.008" classname="AdvanceSelenium.GroupsAnno"/>
</testsuite> <!-- AdvanceSelenium.GroupsAnno -->
