<?xml version="1.0" encoding="UTF-8"?>
<!-- Generated by org.testng.reporters.JUnitReportReporter -->
<testsuite skipped="0" hostname="LAPTOP-SK834QD8" name="HandsOnSe.LoginTest" tests="1" failures="0" timestamp="12 Apr 2022 17:30:04 GMT" time="0.218" errors="0">
  <testcase name="dashboardCourses" time="0.218" classname="HandsOnSe.LoginTest"/>
</testsuite> <!-- HandsOnSe.LoginTest -->
