<?xml version="1.0" encoding="UTF-8"?>
<!-- Generated by org.testng.reporters.JUnitReportReporter -->
<testsuite skipped="0" hostname="LAPTOP-SK834QD8" name="HandsOnSe.BasicOfflineTestCases" tests="15" failures="0" timestamp="08 Apr 2022 10:53:41 GMT" time="97.691" errors="0">
  <testcase name="logoCheck15" time="3.469" classname="HandsOnSe.BasicOfflineTestCases"/>
  <testcase name="userClicl5" time="6.969" classname="HandsOnSe.BasicOfflineTestCases"/>
  <testcase name="operator9" time="6.704" classname="HandsOnSe.BasicOfflineTestCases"/>
  <testcase name="download12" time="4.073" classname="HandsOnSe.BasicOfflineTestCases"/>
  <testcase name="operatorList10" time="4.957" classname="HandsOnSe.BasicOfflineTestCases"/>
  <testcase name="DownloadsList13" time="6.131" classname="HandsOnSe.BasicOfflineTestCases"/>
  <testcase name="usefullLink11" time="5.251" classname="HandsOnSe.BasicOfflineTestCases"/>
  <testcase name="alert6" time="2.996" classname="HandsOnSe.BasicOfflineTestCases"/>
  <testcase name="checkHyperLink3" time="4.951" classname="HandsOnSe.BasicOfflineTestCases"/>
  <testcase name="addUser8" time="21.270" classname="HandsOnSe.BasicOfflineTestCases"/>
  <testcase name="dashboardTitle2" time="5.926" classname="HandsOnSe.BasicOfflineTestCases"/>
  <testcase name="loginPage1" time="4.684" classname="HandsOnSe.BasicOfflineTestCases"/>
  <testcase name="moreInfo4" time="7.103" classname="HandsOnSe.BasicOfflineTestCases"/>
  <testcase name="userList7" time="5.998" classname="HandsOnSe.BasicOfflineTestCases"/>
  <testcase name="check_LogOut_successfully" time="7.209" classname="HandsOnSe.BasicOfflineTestCases"/>
</testsuite> <!-- HandsOnSe.BasicOfflineTestCases -->
